<?xml version="1.0" encoding="UTF-8"?>
<!-- Generated by org.testng.reporters.JUnitXMLReporter -->
<testsuite ignored="0" hostname="Badawi" failures="0" tests="15" name="Default test" time="69.836" errors="0" timestamp="2025-09-23T04:29:58 EEST">
  <testcase classname="QA_Bootcamp.Ahmed_Test.Test_Search" name="AddDemoTask" time="13.553"/>
  <testcase classname="QA_Bootcamp.Ahmed_Test.Test_Search" name="validInvalidSearchTest" time="3.85"/>
  <testcase classname="QA_Bootcamp.Ahmed_Test.Test_Search" name="validInvalidSearchTest" time="3.143"/>
  <testcase classname="QA_Bootcamp.Ahmed_Test.Test_Search" name="validInvalidSearchTest" time="4.069"/>
  <testcase classname="QA_Bootcamp.Ahmed_Test.Test_Search" name="validInvalidSearchTest" time="3.202"/>
  <testcase classname="QA_Bootcamp.Ahmed_Test.Test_Search" name="validInvalidSearchTest" time="3.074"/>
  <testcase classname="QA_Bootcamp.Ahmed_Test.Test_Search" name="validInvalidSearchTest" time="3.35"/>
  <testcase classname="QA_Bootcamp.Ahmed_Test.Test_Search" name="validInvalidSearchTest" time="2.865"/>
  <testcase classname="QA_Bootcamp.Ahmed_Test.Test_Search" name="validInvalidSearchTest" time="3.479"/>
  <testcase classname="QA_Bootcamp.Ahmed_Test.Test_Search" name="validInvalidSearchTest" time="3.226"/>
  <testcase classname="QA_Bootcamp.Ahmed_Test.Test_Search" name="resetSearchBarTest" time="5.069"/>
  <testcase classname="QA_Bootcamp.Ahmed_Test.Test_Search" name="resetSearchBarTest" time="3.773"/>
  <testcase classname="QA_Bootcamp.Ahmed_Test.Test_Search" name="resetSearchBarTest" time="3.889"/>
  <testcase classname="QA_Bootcamp.Ahmed_Test.Test_Search" name="resetSearchBarTest" time="3.894"/>
  <testcase classname="QA_Bootcamp.Ahmed_Test.Test_Search" name="collapseArrowTest" time="0.821"/>
</testsuite> <!-- Default test -->
